<?xml version="1.0" encoding="UTF-8"?>
<!-- Generated by org.testng.reporters.JUnitXMLReporter -->
<testsuite hostname="apasham-171222" ignored="1" name="Dependency Test" tests="3" failures="0" timestamp="2019-09-13T16:22:51 PDT" time="0.082" errors="0">
  <testcase name="doUserRegister" time="0.019" classname="TestCases.TestCase3"/>
  <testcase name="doLogin" time="0.005" classname="TestCases.TestCase3"/>
  <testcase name="fourthTest" time="0.004" classname="TestCases.TestCase3"/>
  <testcase name="thirdTest" time="0.0" classname="TestCases.TestCase3">
    <ignored/>
  </testcase> <!-- thirdTest -->
</testsuite> <!-- Dependency Test -->
