<?xml version="1.0" encoding="UTF-8"?>
<!-- Generated by org.testng.reporters.JUnitXMLReporter -->
<testsuite hostname="apasham-171222" ignored="3" tests="0" failures="0" timestamp="2019-09-13T16:22:51 PDT" time="0.015" errors="0">
  <testcase name="doUserRegister" time="0.0" classname="TestCases.TestCase1">
    <ignored/>
  </testcase> <!-- doUserRegister -->
  <testcase name="thirdTest" time="0.0" classname="TestCases.TestCase1">
    <ignored/>
  </testcase> <!-- thirdTest -->
  <testcase name="doLogin" time="0.0" classname="TestCases.TestCase1">
    <ignored/>
  </testcase> <!-- doLogin -->
</testsuite>
