<?xml version="1.0" encoding="UTF-8"?>
<!-- Generated by org.testng.reporters.JUnitXMLReporter -->
<testsuite hostname="apasham-171222" ignored="0" name="Default test" tests="3" failures="0" timestamp="2019-09-14T18:05:12 PDT" time="0.075" errors="0">
  <testcase name="doUserRegister" time="0.005" classname="TestCases.TestCase1"/>
  <testcase name="doLogin" time="0.002" classname="TestCases.TestCase1"/>
  <testcase name="thirdTest" time="0.002" classname="TestCases.TestCase1"/>
</testsuite> <!-- Default test -->
